<?xml version="1.0" encoding="UTF-8"?>
<testsuite xmlns:xsi="http://www.w3.org/2001/XMLSchema-instance" xsi:noNamespaceSchemaLocation="https://maven.apache.org/surefire/maven-surefire-plugin/xsd/surefire-test-report-3.0.xsd" version="3.0" name="io.helidon.examples.pico.book.MainHk2Test" time="0.081" tests="1" errors="0" skipped="0" failures="0">
  <properties>
    <property name="java.specification.version" value="20"/>
    <property name="sun.jnu.encoding" value="UTF-8"/>
    <property name="java.class.path" value="/Users/jtrent/dev/trentjeff/helidon4/examples/pico/book/target/test-classes:/Users/jtrent/dev/trentjeff/helidon4/examples/pico/book/target/classes:/Users/jtrent/.m2/repository/jakarta/annotation/jakarta.annotation-api/2.1.1/jakarta.annotation-api-2.1.1.jar:/Users/jtrent/.m2/repository/org/junit/jupiter/junit-jupiter-api/5.7.0/junit-jupiter-api-5.7.0.jar:/Users/jtrent/.m2/repository/org/apiguardian/apiguardian-api/1.1.0/apiguardian-api-1.1.0.jar:/Users/jtrent/.m2/repository/org/opentest4j/opentest4j/1.2.0/opentest4j-1.2.0.jar:/Users/jtrent/.m2/repository/org/junit/platform/junit-platform-commons/1.7.0/junit-platform-commons-1.7.0.jar:/Users/jtrent/.m2/repository/org/glassfish/hk2/hk2-locator/3.0.3/hk2-locator-3.0.3.jar:/Users/jtrent/.m2/repository/jakarta/inject/jakarta.inject-api/2.0.1/jakarta.inject-api-2.0.1.jar:/Users/jtrent/.m2/repository/org/glassfish/hk2/external/aopalliance-repackaged/3.0.3/aopalliance-repackaged-3.0.3.jar:/Users/jtrent/.m2/repository/org/glassfish/hk2/hk2-api/3.0.3/hk2-api-3.0.3.jar:/Users/jtrent/.m2/repository/org/glassfish/hk2/hk2-utils/3.0.3/hk2-utils-3.0.3.jar:/Users/jtrent/.m2/repository/org/javassist/javassist/3.27.0-GA/javassist-3.27.0-GA.jar:/Users/jtrent/.m2/repository/io/helidon/pico/helidon-pico-runtime/4.0.0-SNAPSHOT/helidon-pico-runtime-4.0.0-SNAPSHOT.jar:/Users/jtrent/.m2/repository/io/helidon/pico/helidon-pico-api/4.0.0-SNAPSHOT/helidon-pico-api-4.0.0-SNAPSHOT.jar:/Users/jtrent/.m2/repository/io/helidon/common/helidon-common-types/4.0.0-SNAPSHOT/helidon-common-types-4.0.0-SNAPSHOT.jar:/Users/jtrent/.m2/repository/io/helidon/common/helidon-common/4.0.0-SNAPSHOT/helidon-common-4.0.0-SNAPSHOT.jar:/Users/jtrent/.m2/repository/io/helidon/common/helidon-common-config/4.0.0-SNAPSHOT/helidon-common-config-4.0.0-SNAPSHOT.jar:/Users/jtrent/.m2/repository/io/helidon/builder/helidon-builder/4.0.0-SNAPSHOT/helidon-builder-4.0.0-SNAPSHOT.jar:"/>
    <property name="java.vm.vendor" value="Oracle Corporation"/>
    <property name="sun.arch.data.model" value="64"/>
    <property name="java.vendor.url" value="https://java.oracle.com/"/>
    <property name="user.timezone" value="America/New_York"/>
    <property name="os.name" value="Mac OS X"/>
    <property name="java.vm.specification.version" value="20"/>
    <property name="sun.java.launcher" value="SUN_STANDARD"/>
    <property name="user.country" value="US"/>
    <property name="sun.boot.library.path" value="/Users/jtrent/.sdkman/candidates/java/20-oracle/lib"/>
    <property name="sun.java.command" value="/Users/jtrent/dev/trentjeff/helidon4/examples/pico/book/target/surefire/surefirebooter17840519519302027698.jar /Users/jtrent/dev/trentjeff/helidon4/examples/pico/book/target/surefire 2023-05-08T09-48-36_875-jvmRun1 surefire2910695844692997015tmp surefire_01826334084862050386tmp"/>
    <property name="jdk.debug" value="release"/>
    <property name="surefire.test.class.path" value="/Users/jtrent/dev/trentjeff/helidon4/examples/pico/book/target/test-classes:/Users/jtrent/dev/trentjeff/helidon4/examples/pico/book/target/classes:/Users/jtrent/.m2/repository/jakarta/annotation/jakarta.annotation-api/2.1.1/jakarta.annotation-api-2.1.1.jar:/Users/jtrent/.m2/repository/org/junit/jupiter/junit-jupiter-api/5.7.0/junit-jupiter-api-5.7.0.jar:/Users/jtrent/.m2/repository/org/apiguardian/apiguardian-api/1.1.0/apiguardian-api-1.1.0.jar:/Users/jtrent/.m2/repository/org/opentest4j/opentest4j/1.2.0/opentest4j-1.2.0.jar:/Users/jtrent/.m2/repository/org/junit/platform/junit-platform-commons/1.7.0/junit-platform-commons-1.7.0.jar:/Users/jtrent/.m2/repository/org/glassfish/hk2/hk2-locator/3.0.3/hk2-locator-3.0.3.jar:/Users/jtrent/.m2/repository/jakarta/inject/jakarta.inject-api/2.0.1/jakarta.inject-api-2.0.1.jar:/Users/jtrent/.m2/repository/org/glassfish/hk2/external/aopalliance-repackaged/3.0.3/aopalliance-repackaged-3.0.3.jar:/Users/jtrent/.m2/repository/org/glassfish/hk2/hk2-api/3.0.3/hk2-api-3.0.3.jar:/Users/jtrent/.m2/repository/org/glassfish/hk2/hk2-utils/3.0.3/hk2-utils-3.0.3.jar:/Users/jtrent/.m2/repository/org/javassist/javassist/3.27.0-GA/javassist-3.27.0-GA.jar:/Users/jtrent/.m2/repository/io/helidon/pico/helidon-pico-runtime/4.0.0-SNAPSHOT/helidon-pico-runtime-4.0.0-SNAPSHOT.jar:/Users/jtrent/.m2/repository/io/helidon/pico/helidon-pico-api/4.0.0-SNAPSHOT/helidon-pico-api-4.0.0-SNAPSHOT.jar:/Users/jtrent/.m2/repository/io/helidon/common/helidon-common-types/4.0.0-SNAPSHOT/helidon-common-types-4.0.0-SNAPSHOT.jar:/Users/jtrent/.m2/repository/io/helidon/common/helidon-common/4.0.0-SNAPSHOT/helidon-common-4.0.0-SNAPSHOT.jar:/Users/jtrent/.m2/repository/io/helidon/common/helidon-common-config/4.0.0-SNAPSHOT/helidon-common-config-4.0.0-SNAPSHOT.jar:/Users/jtrent/.m2/repository/io/helidon/builder/helidon-builder/4.0.0-SNAPSHOT/helidon-builder-4.0.0-SNAPSHOT.jar:"/>
    <property name="sun.cpu.endian" value="little"/>
    <property name="user.home" value="/Users/jtrent"/>
    <property name="user.language" value="en"/>
    <property name="java.specification.vendor" value="Oracle Corporation"/>
    <property name="java.version.date" value="2023-03-21"/>
    <property name="java.home" value="/Users/jtrent/.sdkman/candidates/java/20-oracle"/>
    <property name="file.separator" value="/"/>
    <property name="basedir" value="/Users/jtrent/dev/trentjeff/helidon4/examples/pico/book"/>
    <property name="java.vm.compressedOopsMode" value="Zero based"/>
    <property name="line.separator" value="&#10;"/>
    <property name="java.specification.name" value="Java Platform API Specification"/>
    <property name="java.vm.specification.vendor" value="Oracle Corporation"/>
    <property name="apple.awt.application.name" value="ForkedBooter"/>
    <property name="surefire.real.class.path" value="/Users/jtrent/dev/trentjeff/helidon4/examples/pico/book/target/surefire/surefirebooter17840519519302027698.jar"/>
    <property name="sun.management.compiler" value="HotSpot 64-Bit Tiered Compilers"/>
    <property name="java.runtime.version" value="20+36-2344"/>
    <property name="user.name" value="jtrent"/>
    <property name="stdout.encoding" value="UTF-8"/>
    <property name="path.separator" value=":"/>
    <property name="os.version" value="13.3.1"/>
    <property name="java.runtime.name" value="Java(TM) SE Runtime Environment"/>
    <property name="file.encoding" value="UTF-8"/>
    <property name="java.vm.name" value="Java HotSpot(TM) 64-Bit Server VM"/>
    <property name="localRepository" value="/Users/jtrent/.m2/repository"/>
    <property name="java.vendor.url.bug" value="https://bugreport.java.com/bugreport/"/>
    <property name="java.io.tmpdir" value="/var/folders/vf/cvxb0s7s4sq0zl6kh0tpl9fr0000gq/T/"/>
    <property name="java.version" value="20"/>
    <property name="user.dir" value="/Users/jtrent/dev/trentjeff/helidon4/examples/pico/book"/>
    <property name="os.arch" value="x86_64"/>
    <property name="java.vm.specification.name" value="Java Virtual Machine Specification"/>
    <property name="native.encoding" value="UTF-8"/>
    <property name="java.library.path" value="/Users/jtrent/Library/Java/Extensions:/Library/Java/Extensions:/Network/Library/Java/Extensions:/System/Library/Java/Extensions:/usr/lib/java:."/>
    <property name="java.vm.info" value="mixed mode, sharing"/>
    <property name="stderr.encoding" value="UTF-8"/>
    <property name="java.vendor" value="Oracle Corporation"/>
    <property name="java.vm.version" value="20+36-2344"/>
    <property name="sun.io.unicode.encoding" value="UnicodeBig"/>
    <property name="java.class.version" value="64.0"/>
  </properties>
  <testcase name="testMain" classname="io.helidon.examples.pico.book.MainHk2Test" time="0.08">
    <system-out><![CDATA[found a library handle: SystemDescriptor(
	implementation=io.helidon.examples.pico.book.Library
	contracts={io.helidon.examples.pico.book.Library,io.helidon.examples.pico.book.BookHolder}
	scope=jakarta.inject.Singleton
	qualifiers={}
	descriptorType=CLASS
	descriptorVisibility=NORMAL
	metadata=
	rank=0
	loader=null
	proxiable=null
	proxyForSameScope=null
	analysisName=null
	id=12
	locatorId=0
	identityHashCode=1991371192
	reified=true)
setting optional color wheel blue to Optional[BlueColor]
setting optional color wheel green to Optional[GreenColor]
setting optional color wheel red to Optional[EmptyRedBookCase(books=[Optional.empty])]
setting provider wheel green to IterableProviderImpl(Color,{@io.helidon.examples.pico.book.Green()},1912821769)
setting provider color wheel red to IterableProviderImpl(Color,{@io.helidon.examples.pico.book.Red()},151593342)
setting providerList wheel blue to null
setting providerList wheel green to null
setting providerList color wheel red to null
setting provider wheel blue to IterableProviderImpl(Color,{@io.helidon.examples.pico.book.Blue()},405215542)
error: A MultiException has 4 exceptions.  They are:
1. org.glassfish.hk2.api.UnsatisfiedDependencyException: There was no object available in __HK2_Generated_0 for injection at SystemInjecteeImpl(requiredType=List<Provider<Book>>,parent=Library,qualifiers={},position=0,optional=false,self=false,unqualified=null,1042790962)
2. org.glassfish.hk2.api.UnsatisfiedDependencyException: There was no object available in __HK2_Generated_0 for injection at SystemInjecteeImpl(requiredType=List<BookHolder>,parent=Library,qualifiers={},position=1,optional=false,self=false,unqualified=null,990897274)
3. java.lang.IllegalArgumentException: While attempting to resolve the dependencies of io.helidon.examples.pico.book.Library errors were found
4. java.lang.IllegalStateException: Unable to perform operation: resolve on io.helidon.examples.pico.book.Library

found a color wheel handle: SystemDescriptor(
	implementation=io.helidon.examples.pico.book.ColorWheel
	contracts={io.helidon.examples.pico.book.ColorWheel}
	scope=jakarta.inject.Singleton
	qualifiers={}
	descriptorType=CLASS
	descriptorVisibility=NORMAL
	metadata=
	rank=0
	loader=null
	proxiable=null
	proxyForSameScope=null
	analysisName=null
	id=8
	locatorId=0
	identityHashCode=1683662486
	reified=true)
color wheel: io.helidon.examples.pico.book.ColorWheel@6caf0677
Hk2 Main memory consumption = 5222400 bytes
Hk2 Main elapsed time = 79 ms
Hk2 Junit elapsed time = -1683543614226 ms
]]></system-out>
  </testcase>
</testsuite>